<?xml version="1.0" encoding="UTF-8"?>
<testng-results ignored="0" total="2" passed="2" failed="0" skipped="0">
  <reporter-output>
  </reporter-output>
  <suite started-at="2023-01-17T22:01:30 IST" name="Default suite" finished-at="2023-01-17T22:01:37 IST" duration-ms="6622">
    <groups>
    </groups>
    <test started-at="2023-01-17T22:01:30 IST" name="Default test" finished-at="2023-01-17T22:01:37 IST" duration-ms="6622">
      <class name="Test01_Get">
        <test-method signature="test1()[pri:0, instance:Test01_Get@2357d90a]" started-at="2023-01-17T22:01:30 IST" name="test1" finished-at="2023-01-17T22:01:34 IST" duration-ms="4167" status="PASS">
          <reporter-output>
          </reporter-output>
        </test-method> <!-- test1 -->
        <test-method signature="fyndAPIToGetAuthInfo()[pri:1, instance:Test01_Get@2357d90a]" started-at="2023-01-17T22:01:34 IST" name="fyndAPIToGetAuthInfo" finished-at="2023-01-17T22:01:37 IST" duration-ms="2398" status="PASS">
          <reporter-output>
          </reporter-output>
        </test-method> <!-- fyndAPIToGetAuthInfo -->
      </class> <!-- Test01_Get -->
    </test> <!-- Default test -->
  </suite> <!-- Default suite -->
</testng-results>
