<?xml version="1.0" encoding="UTF-8"?>
<testng-results ignored="0" total="2" passed="2" failed="0" skipped="0">
  <reporter-output>
  </reporter-output>
  <suite started-at="2022-11-22T08:09:36Z" name="Default suite" finished-at="2022-11-22T08:09:36Z" duration-ms="42">
    <groups>
    </groups>
    <test started-at="2022-11-22T08:09:36Z" name="Default test" finished-at="2022-11-22T08:09:36Z" duration-ms="42">
      <class name="com.RCB.validateRCB">
        <test-method signature="validatesForeignPlayers()[pri:0, instance:com.RCB.validateRCB@1af2d44a]" started-at="2022-11-22T08:09:36Z" name="validatesForeignPlayers" finished-at="2022-11-22T08:09:36Z" duration-ms="17" status="PASS">
          <reporter-output>
          </reporter-output>
        </test-method> <!-- validatesForeignPlayers -->
        <test-method signature="validatesWicketKeeper()[pri:0, instance:com.RCB.validateRCB@1af2d44a]" started-at="2022-11-22T08:09:36Z" name="validatesWicketKeeper" finished-at="2022-11-22T08:09:36Z" duration-ms="5" status="PASS">
          <reporter-output>
          </reporter-output>
        </test-method> <!-- validatesWicketKeeper -->
      </class> <!-- com.RCB.validateRCB -->
    </test> <!-- Default test -->
  </suite> <!-- Default suite -->
</testng-results>
